<?xml version="1.0" encoding="UTF-8"?>
<testsuite xmlns:xsi="http://www.w3.org/2001/XMLSchema-instance" xsi:noNamespaceSchemaLocation="https://maven.apache.org/surefire/maven-surefire-plugin/xsd/surefire-test-report.xsd" name="com.example.SolarDistributionTest" time="0" tests="4" errors="0" skipped="0" failures="0">
  <properties>
[...]
</properties>
  <testcase name="testNoProduction" classname="com.example.SolarDistributionTest" time="0"/>
  <testcase name="testEmptyConsumers" classname="com.example.SolarDistributionTest" time="0"/>
  <testcase name="testFallA_FullCoverage" classname="com.example.SolarDistributionTest" time="0"/>
  <testcase name="testFallB_PartialCoverage" classname="com.example.SolarDistributionTest" time="0"/>
</testsuite>